folding-android/libraries/google-games/build/intermediates/manifest_merge_blame_file/debug/manifest-merger-blame-debug-report.txt
1<?xml version="1.0" encoding="utf-8"?>
2<manifest xmlns:android="http://schemas.android.com/apk/res/android"
3    package="com.sonymobile.gamification"
4    android:versionCode="1"
5    android:versionName="1.0" >
6
7    <uses-sdk
7-->src\main\AndroidManifest.xml:8:5-47
8        android:minSdkVersion="19"
8-->src\main\AndroidManifest.xml:8:5-47
9        android:targetSdkVersion="29" />
9-->src\main\AndroidManifest.xml:8:15-44
10
11</manifest>